<?xml version="1.0" encoding="UTF-8"?>
<testsuite name="RunTest" tests="1" skipped="0" failures="0" errors="0" timestamp="2020-03-22T08:16:42" hostname="CYFAPP" time="0.006">
  <properties/>
  <testcase name="run" classname="RunTest" time="0.006"/>
  <system-out><![CDATA[Hello World
]]></system-out>
  <system-err><![CDATA[]]></system-err>
</testsuite>
